<?xml version="1.0" encoding="UTF-8"?>
<testng-results skipped="0" failed="1" total="8" passed="7">
  <reporter-output>
  </reporter-output>
  <suite name="Default suite" duration-ms="45084" started-at="2020-04-08T15:39:21Z" finished-at="2020-04-08T15:40:06Z">
    <groups>
    </groups>
    <test name="Default test" duration-ms="45084" started-at="2020-04-08T15:39:21Z" finished-at="2020-04-08T15:40:06Z">
      <class name="keywordFramework.TestClass">
        <test-method status="PASS" signature="openBrowser()[pri:0, instance:keywordFramework.TestClass@735b5592]" name="openBrowser" is-config="true" duration-ms="16689" started-at="2020-04-08T08:39:21Z" finished-at="2020-04-08T08:39:37Z">
          <reporter-output>
          </reporter-output>
        </test-method> <!-- openBrowser -->
        <test-method status="PASS" signature="Test1()[pri:0, instance:keywordFramework.TestClass@735b5592]" name="Test1" duration-ms="6427" started-at="2020-04-08T08:39:37Z" finished-at="2020-04-08T08:39:44Z">
          <reporter-output>
          </reporter-output>
        </test-method> <!-- Test1 -->
        <test-method status="PASS" signature="Test2()[pri:0, instance:keywordFramework.TestClass@735b5592]" name="Test2" duration-ms="4316" started-at="2020-04-08T08:39:44Z" finished-at="2020-04-08T08:39:48Z">
          <reporter-output>
          </reporter-output>
        </test-method> <!-- Test2 -->
        <test-method status="PASS" signature="Test3()[pri:0, instance:keywordFramework.TestClass@735b5592]" name="Test3" duration-ms="1559" started-at="2020-04-08T08:39:48Z" finished-at="2020-04-08T08:39:50Z">
          <reporter-output>
          </reporter-output>
        </test-method> <!-- Test3 -->
        <test-method status="PASS" signature="Test4()[pri:0, instance:keywordFramework.TestClass@735b5592]" name="Test4" duration-ms="2032" started-at="2020-04-08T08:39:50Z" finished-at="2020-04-08T08:39:52Z">
          <reporter-output>
          </reporter-output>
        </test-method> <!-- Test4 -->
        <test-method status="PASS" signature="Test5()[pri:0, instance:keywordFramework.TestClass@735b5592]" name="Test5" duration-ms="1978" started-at="2020-04-08T08:39:52Z" finished-at="2020-04-08T08:39:54Z">
          <reporter-output>
          </reporter-output>
        </test-method> <!-- Test5 -->
        <test-method status="PASS" signature="Test6()[pri:0, instance:keywordFramework.TestClass@735b5592]" name="Test6" duration-ms="4501" started-at="2020-04-08T08:39:54Z" finished-at="2020-04-08T08:39:58Z">
          <reporter-output>
          </reporter-output>
        </test-method> <!-- Test6 -->
        <test-method status="PASS" signature="Test7()[pri:0, instance:keywordFramework.TestClass@735b5592]" name="Test7" duration-ms="6894" started-at="2020-04-08T08:39:58Z" finished-at="2020-04-08T08:40:05Z">
          <reporter-output>
          </reporter-output>
        </test-method> <!-- Test7 -->
        <test-method status="FAIL" signature="Test8()[pri:0, instance:keywordFramework.TestClass@735b5592]" name="Test8" duration-ms="608" started-at="2020-04-08T08:40:05Z" finished-at="2020-04-08T08:40:06Z">
          <exception class="java.lang.AssertionError">
            <message>
              <![CDATA[expected [true] but found [false]]]>
            </message>
            <full-stacktrace>
              <![CDATA[java.lang.AssertionError: expected [true] but found [false]
	at org.testng.Assert.fail(Assert.java:94)
	at org.testng.Assert.failNotEquals(Assert.java:494)
	at org.testng.Assert.assertTrue(Assert.java:42)
	at org.testng.Assert.assertTrue(Assert.java:52)
	at keywordFramework.TestClass.Test8(TestClass.java:123)
	at sun.reflect.NativeMethodAccessorImpl.invoke0(Native Method)
	at sun.reflect.NativeMethodAccessorImpl.invoke(Unknown Source)
	at sun.reflect.DelegatingMethodAccessorImpl.invoke(Unknown Source)
	at java.lang.reflect.Method.invoke(Unknown Source)
	at org.testng.internal.MethodInvocationHelper.invokeMethod(MethodInvocationHelper.java:84)
	at org.testng.internal.Invoker.invokeMethod(Invoker.java:714)
	at org.testng.internal.Invoker.invokeTestMethod(Invoker.java:901)
	at org.testng.internal.Invoker.invokeTestMethods(Invoker.java:1231)
	at org.testng.internal.TestMethodWorker.invokeTestMethods(TestMethodWorker.java:127)
	at org.testng.internal.TestMethodWorker.run(TestMethodWorker.java:111)
	at org.testng.TestRunner.privateRun(TestRunner.java:767)
	at org.testng.TestRunner.run(TestRunner.java:617)
	at org.testng.SuiteRunner.runTest(SuiteRunner.java:348)
	at org.testng.SuiteRunner.runSequentially(SuiteRunner.java:343)
	at org.testng.SuiteRunner.privateRun(SuiteRunner.java:305)
	at org.testng.SuiteRunner.run(SuiteRunner.java:254)
	at org.testng.SuiteRunnerWorker.runSuite(SuiteRunnerWorker.java:52)
	at org.testng.SuiteRunnerWorker.run(SuiteRunnerWorker.java:86)
	at org.testng.TestNG.runSuitesSequentially(TestNG.java:1224)
	at org.testng.TestNG.runSuitesLocally(TestNG.java:1149)
	at org.testng.TestNG.run(TestNG.java:1057)
	at org.testng.remote.AbstractRemoteTestNG.run(AbstractRemoteTestNG.java:126)
	at org.testng.remote.RemoteTestNG.initAndRun(RemoteTestNG.java:137)
	at org.testng.remote.RemoteTestNG.main(RemoteTestNG.java:58)
]]>
            </full-stacktrace>
          </exception> <!-- java.lang.AssertionError -->
          <reporter-output>
          </reporter-output>
        </test-method> <!-- Test8 -->
        <test-method status="PASS" signature="closeBrowser()[pri:0, instance:keywordFramework.TestClass@735b5592]" name="closeBrowser" is-config="true" duration-ms="1" started-at="2020-04-08T08:40:06Z" finished-at="2020-04-08T08:40:06Z">
          <reporter-output>
          </reporter-output>
        </test-method> <!-- closeBrowser -->
      </class> <!-- keywordFramework.TestClass -->
    </test> <!-- Default test -->
  </suite> <!-- Default suite -->
</testng-results>
